<?xml version="1.0" encoding="UTF-8"?>
<testng-results skipped="0" failed="1" ignored="0" total="11" passed="10">
  <reporter-output>
  </reporter-output>
  <suite name="Default suite" duration-ms="210440" started-at="2022-04-21T13:01:42 IST" finished-at="2022-04-21T13:05:12 IST">
    <groups>
    </groups>
    <test name="Default test" duration-ms="210440" started-at="2022-04-21T13:01:42 IST" finished-at="2022-04-21T13:05:12 IST">
      <class name="zebronics.Zebronics_Shop">
        <test-method status="PASS" signature="beforeTest()[pri:0, instance:zebronics.Zebronics_Shop@3ecd23d9]" name="beforeTest" is-config="true" duration-ms="11835" started-at="2022-04-21T13:01:42 IST" finished-at="2022-04-21T13:01:53 IST">
          <reporter-output>
          </reporter-output>
        </test-method> <!-- beforeTest -->
        <test-method status="PASS" signature="login()[pri:1, instance:zebronics.Zebronics_Shop@3ecd23d9]" name="login" duration-ms="16937" started-at="2022-04-21T13:01:54 IST" finished-at="2022-04-21T13:02:10 IST">
          <reporter-output>
          </reporter-output>
        </test-method> <!-- login -->
        <test-method status="PASS" signature="mouseHover()[pri:2, instance:zebronics.Zebronics_Shop@3ecd23d9]" name="mouseHover" duration-ms="35427" started-at="2022-04-21T13:02:10 IST" finished-at="2022-04-21T13:02:46 IST">
          <reporter-output>
          </reporter-output>
        </test-method> <!-- mouseHover -->
        <test-method status="PASS" signature="audioModule()[pri:3, instance:zebronics.Zebronics_Shop@3ecd23d9]" name="audioModule" duration-ms="14180" started-at="2022-04-21T13:02:46 IST" finished-at="2022-04-21T13:03:00 IST">
          <reporter-output>
          </reporter-output>
        </test-method> <!-- audioModule -->
        <test-method status="PASS" signature="periPherral()[pri:4, instance:zebronics.Zebronics_Shop@3ecd23d9]" name="periPherral" duration-ms="52176" started-at="2022-04-21T13:03:00 IST" finished-at="2022-04-21T13:03:52 IST">
          <reporter-output>
          </reporter-output>
        </test-method> <!-- periPherral -->
        <test-method status="FAIL" signature="accessories()[pri:5, instance:zebronics.Zebronics_Shop@3ecd23d9]" name="accessories" duration-ms="17791" started-at="2022-04-21T13:03:52 IST" finished-at="2022-04-21T13:04:10 IST">
          <exception class="org.openqa.selenium.NoSuchElementException">
            <message>
              <![CDATA[no such element: Unable to locate element: {"method":"xpath","selector":"//*[@id="boost-pfs-filter-tree-pf-c-collection"]/div/ul/li[3]/div[2]/div[2]/div[1]/a/span[2]"}
  (Session info: chrome=100.0.4896.127)
For documentation on this error, please visit: https://selenium.dev/exceptions/#no_such_element
Build info: version: '4.1.2', revision: '9a5a329c5a'
System info: host: 'LAPTOP-4E2FDU37', ip: '192.168.1.6', os.name: 'Windows 10', os.arch: 'amd64', os.version: '10.0', java.version: '1.8.0_211'
Driver info: org.openqa.selenium.chrome.ChromeDriver
Command: [0cdd27dfd6f5f31dd0fb0b54cd36a878, findElement {using=xpath, value=//*[@id="boost-pfs-filter-tree-pf-c-collection"]/div/ul/li[3]/div[2]/div[2]/div[1]/a/span[2]}]
Capabilities {acceptInsecureCerts: false, browserName: chrome, browserVersion: 100.0.4896.127, chrome: {chromedriverVersion: 99.0.4844.51 (d537ec02474b5..., userDataDir: C:\Users\Lenovo\AppData\Loc...}, goog:chromeOptions: {debuggerAddress: localhost:61953}, javascriptEnabled: true, networkConnectionEnabled: false, pageLoadStrategy: normal, platform: WINDOWS, platformName: WINDOWS, proxy: Proxy(), se:cdp: ws://localhost:61953/devtoo..., se:cdpVersion: 100.0.4896.127, setWindowRect: true, strictFileInteractability: false, timeouts: {implicit: 0, pageLoad: 300000, script: 30000}, unhandledPromptBehavior: dismiss and notify, webauthn:extension:credBlob: true, webauthn:extension:largeBlob: true, webauthn:virtualAuthenticators: true}
Session ID: 0cdd27dfd6f5f31dd0fb0b54cd36a878]]>
            </message>
            <full-stacktrace>
              <![CDATA[org.openqa.selenium.NoSuchElementException: no such element: Unable to locate element: {"method":"xpath","selector":"//*[@id="boost-pfs-filter-tree-pf-c-collection"]/div/ul/li[3]/div[2]/div[2]/div[1]/a/span[2]"}
  (Session info: chrome=100.0.4896.127)
For documentation on this error, please visit: https://selenium.dev/exceptions/#no_such_element
Build info: version: '4.1.2', revision: '9a5a329c5a'
System info: host: 'LAPTOP-4E2FDU37', ip: '192.168.1.6', os.name: 'Windows 10', os.arch: 'amd64', os.version: '10.0', java.version: '1.8.0_211'
Driver info: org.openqa.selenium.chrome.ChromeDriver
Command: [0cdd27dfd6f5f31dd0fb0b54cd36a878, findElement {using=xpath, value=//*[@id="boost-pfs-filter-tree-pf-c-collection"]/div/ul/li[3]/div[2]/div[2]/div[1]/a/span[2]}]
Capabilities {acceptInsecureCerts: false, browserName: chrome, browserVersion: 100.0.4896.127, chrome: {chromedriverVersion: 99.0.4844.51 (d537ec02474b5..., userDataDir: C:\Users\Lenovo\AppData\Loc...}, goog:chromeOptions: {debuggerAddress: localhost:61953}, javascriptEnabled: true, networkConnectionEnabled: false, pageLoadStrategy: normal, platform: WINDOWS, platformName: WINDOWS, proxy: Proxy(), se:cdp: ws://localhost:61953/devtoo..., se:cdpVersion: 100.0.4896.127, setWindowRect: true, strictFileInteractability: false, timeouts: {implicit: 0, pageLoad: 300000, script: 30000}, unhandledPromptBehavior: dismiss and notify, webauthn:extension:credBlob: true, webauthn:extension:largeBlob: true, webauthn:virtualAuthenticators: true}
Session ID: 0cdd27dfd6f5f31dd0fb0b54cd36a878
at sun.reflect.NativeConstructorAccessorImpl.newInstance0(Native Method)
at sun.reflect.NativeConstructorAccessorImpl.newInstance(Unknown Source)
at sun.reflect.DelegatingConstructorAccessorImpl.newInstance(Unknown Source)
at java.lang.reflect.Constructor.newInstance(Unknown Source)
at org.openqa.selenium.remote.codec.w3c.W3CHttpResponseCodec.createException(W3CHttpResponseCodec.java:200)
at org.openqa.selenium.remote.codec.w3c.W3CHttpResponseCodec.decode(W3CHttpResponseCodec.java:133)
at org.openqa.selenium.remote.codec.w3c.W3CHttpResponseCodec.decode(W3CHttpResponseCodec.java:53)
at org.openqa.selenium.remote.HttpCommandExecutor.execute(HttpCommandExecutor.java:184)
at org.openqa.selenium.remote.service.DriverCommandExecutor.invokeExecute(DriverCommandExecutor.java:167)
at org.openqa.selenium.remote.service.DriverCommandExecutor.execute(DriverCommandExecutor.java:142)
at org.openqa.selenium.remote.RemoteWebDriver.execute(RemoteWebDriver.java:558)
at org.openqa.selenium.remote.ElementLocation$ElementFinder$2.findElement(ElementLocation.java:162)
at org.openqa.selenium.remote.ElementLocation.findElement(ElementLocation.java:60)
at org.openqa.selenium.remote.RemoteWebDriver.findElement(RemoteWebDriver.java:382)
at org.openqa.selenium.remote.RemoteWebDriver.findElement(RemoteWebDriver.java:374)
at zebronics.Zebronics_Shop.accessories(Zebronics_Shop.java:205)
at sun.reflect.NativeMethodAccessorImpl.invoke0(Native Method)
at sun.reflect.NativeMethodAccessorImpl.invoke(Unknown Source)
at sun.reflect.DelegatingMethodAccessorImpl.invoke(Unknown Source)
at java.lang.reflect.Method.invoke(Unknown Source)
at org.testng.internal.MethodInvocationHelper.invokeMethod(MethodInvocationHelper.java:133)
at org.testng.internal.TestInvoker.invokeMethod(TestInvoker.java:598)
at org.testng.internal.TestInvoker.invokeTestMethod(TestInvoker.java:173)
at org.testng.internal.MethodRunner.runInSequence(MethodRunner.java:46)
at org.testng.internal.TestInvoker$MethodInvocationAgent.invoke(TestInvoker.java:824)
at org.testng.internal.TestInvoker.invokeTestMethods(TestInvoker.java:146)
at org.testng.internal.TestMethodWorker.invokeTestMethods(TestMethodWorker.java:146)
at org.testng.internal.TestMethodWorker.run(TestMethodWorker.java:128)
at java.util.ArrayList.forEach(Unknown Source)
at org.testng.TestRunner.privateRun(TestRunner.java:794)
at org.testng.TestRunner.run(TestRunner.java:596)
at org.testng.SuiteRunner.runTest(SuiteRunner.java:377)
at org.testng.SuiteRunner.runSequentially(SuiteRunner.java:371)
at org.testng.SuiteRunner.privateRun(SuiteRunner.java:332)
at org.testng.SuiteRunner.run(SuiteRunner.java:276)
at org.testng.SuiteRunnerWorker.runSuite(SuiteRunnerWorker.java:53)
at org.testng.SuiteRunnerWorker.run(SuiteRunnerWorker.java:96)
at org.testng.TestNG.runSuitesSequentially(TestNG.java:1212)
at org.testng.TestNG.runSuitesLocally(TestNG.java:1134)
at org.testng.TestNG.runSuites(TestNG.java:1063)
at org.testng.TestNG.run(TestNG.java:1031)
at org.testng.remote.AbstractRemoteTestNG.run(AbstractRemoteTestNG.java:115)
at org.testng.remote.RemoteTestNG.initAndRun(RemoteTestNG.java:251)
at org.testng.remote.RemoteTestNG.main(RemoteTestNG.java:77)
]]>
            </full-stacktrace>
          </exception> <!-- org.openqa.selenium.NoSuchElementException -->
          <reporter-output>
          </reporter-output>
        </test-method> <!-- accessories -->
        <test-method status="PASS" signature="smartHome()[pri:6, instance:zebronics.Zebronics_Shop@3ecd23d9]" name="smartHome" duration-ms="15163" started-at="2022-04-21T13:04:10 IST" finished-at="2022-04-21T13:04:25 IST">
          <reporter-output>
          </reporter-output>
        </test-method> <!-- smartHome -->
        <test-method status="PASS" signature="personalGrooming()[pri:7, instance:zebronics.Zebronics_Shop@3ecd23d9]" name="personalGrooming" duration-ms="5324" started-at="2022-04-21T13:04:25 IST" finished-at="2022-04-21T13:04:31 IST">
          <reporter-output>
          </reporter-output>
        </test-method> <!-- personalGrooming -->
        <test-method status="PASS" signature="healthCare()[pri:8, instance:zebronics.Zebronics_Shop@3ecd23d9]" name="healthCare" duration-ms="22855" started-at="2022-04-21T13:04:31 IST" finished-at="2022-04-21T13:04:54 IST">
          <reporter-output>
          </reporter-output>
        </test-method> <!-- healthCare -->
        <test-method status="PASS" signature="support()[pri:9, instance:zebronics.Zebronics_Shop@3ecd23d9]" name="support" duration-ms="2342" started-at="2022-04-21T13:04:54 IST" finished-at="2022-04-21T13:04:56 IST">
          <reporter-output>
          </reporter-output>
        </test-method> <!-- support -->
        <test-method status="PASS" signature="search()[pri:10, instance:zebronics.Zebronics_Shop@3ecd23d9]" name="search" duration-ms="2164" started-at="2022-04-21T13:04:56 IST" finished-at="2022-04-21T13:04:58 IST">
          <reporter-output>
          </reporter-output>
        </test-method> <!-- search -->
        <test-method status="PASS" signature="addtoCart()[pri:11, instance:zebronics.Zebronics_Shop@3ecd23d9]" name="addtoCart" duration-ms="13259" started-at="2022-04-21T13:04:58 IST" finished-at="2022-04-21T13:05:11 IST">
          <reporter-output>
          </reporter-output>
        </test-method> <!-- addtoCart -->
        <test-method status="PASS" signature="afterTest()[pri:0, instance:zebronics.Zebronics_Shop@3ecd23d9]" name="afterTest" is-config="true" duration-ms="566" started-at="2022-04-21T13:05:11 IST" finished-at="2022-04-21T13:05:12 IST">
          <reporter-output>
          </reporter-output>
        </test-method> <!-- afterTest -->
      </class> <!-- zebronics.Zebronics_Shop -->
    </test> <!-- Default test -->
  </suite> <!-- Default suite -->
</testng-results>
